<?xml version="1.0" encoding="UTF-8"?>
<!-- Generated by org.testng.reporters.JUnitXMLReporter -->
<testsuite hostname="GRACE" name="Command line test" tests="4" failures="0" timestamp="27 Oct 2020 18:36:10 GMT" time="78.305" errors="0">
  <testcase name="searchGoogle" time="23.733" classname="testMavenProjectSelenium001.TestNGSeleniumDataDrivenSearchExample"/>
  <testcase name="searchGoogle" time="13.112" classname="testMavenProjectSelenium001.TestNGSeleniumDataDrivenSearchExample"/>
  <testcase name="searchTestNGInGoogle" time="13.9" classname="testMavenProjectSelenium001.TestNGSeleniumDriverInjectionExample"/>
  <testcase name="searchTestNGInGoogle" time="12.791" classname="testMavenProjectSelenium001.TestNGSeleniumSimpleSearchExample"/>
</testsuite> <!-- Command line test -->
